The system is: Darwin - 23.1.0 - arm64
Compiling the C compiler identification source file "CMakeCCompilerId.c" succeeded.
Compiler: /Library/Developer/CommandLineTools/usr/bin/cc 
Build flags: 
Id flags: -c 

The output was:
0


Compilation of the C compiler identification source "CMakeCCompilerId.c" produced "CMakeCCompilerId.o"

The C compiler identification is AppleClang, found in "/Users/pasarevladutflavius/Documents/GitHub/Dog-Shelter/src/cmake-build-debug/CMakeFiles/3.25.2/CompilerIdC/CMakeCCompilerId.o"

Compiling the CXX compiler identification source file "CMakeCXXCompilerId.cpp" succeeded.
Compiler: /Library/Developer/CommandLineTools/usr/bin/c++ 
Build flags: 
Id flags: -c 

The output was:
0


Compilation of the CXX compiler identification source "CMakeCXXCompilerId.cpp" produced "CMakeCXXCompilerId.o"

The CXX compiler identification is AppleClang, found in "/Users/pasarevladutflavius/Documents/GitHub/Dog-Shelter/src/cmake-build-debug/CMakeFiles/3.25.2/CompilerIdCXX/CMakeCXXCompilerId.o"

Detecting C compiler ABI info compiled with the following output:
Change Dir: /Users/pasarevladutflavius/Documents/GitHub/Dog-Shelter/src/cmake-build-debug/CMakeFiles/CMakeScratch/TryCompile-Gp3LNu

Run Build Command(s):/usr/bin/make -f Makefile cmTC_510d5/fast && /Library/Developer/CommandLineTools/usr/bin/make  -f CMakeFiles/cmTC_510d5.dir/build.make CMakeFiles/cmTC_510d5.dir/build
Building C object CMakeFiles/cmTC_510d5.dir/CMakeCCompilerABI.c.o
/Library/Developer/CommandLineTools/usr/bin/cc   -arch arm64 -isysroot /Library/Developer/CommandLineTools/SDKs/MacOSX14.0.sdk -fcolor-diagnostics   -v -Wl,-v -MD -MT CMakeFiles/cmTC_510d5.dir/CMakeCCompilerABI.c.o -MF CMakeFiles/cmTC_510d5.dir/CMakeCCompilerABI.c.o.d -o CMakeFiles/cmTC_510d5.dir/CMakeCCompilerABI.c.o -c /Applications/CLion.app/Contents/bin/cmake/mac/share/cmake-3.25/Modules/CMakeCCompilerABI.c
Apple clang version 15.0.0 (clang-1500.0.40.1)
Target: arm64-apple-darwin23.1.0
Thread model: posix
InstalledDir: /Library/Developer/CommandLineTools/usr/bin
clang: [0;1;35mwarning: [0m[1m-Wl,-v: 'linker' input unused [-Wunused-command-line-argument][0m
 "/Library/Developer/CommandLineTools/usr/bin/clang" -cc1 -triple arm64-apple-macosx14.0.0 -Wundef-prefix=TARGET_OS_ -Wdeprecated-objc-isa-usage -Werror=deprecated-objc-isa-usage -Werror=implicit-function-declaration -emit-obj -mrelax-all --mrelax-relocations -disable-free -clear-ast-before-backend -disable-llvm-verifier -discard-value-names -main-file-name CMakeCCompilerABI.c -mrelocation-model pic -pic-level 2 -mframe-pointer=non-leaf -fno-strict-return -ffp-contract=on -fno-rounding-math -funwind-tables=1 -fobjc-msgsend-selector-stubs -target-sdk-version=14.0 -fvisibility-inlines-hidden-static-local-var -target-cpu apple-m1 -target-feature +v8.5a -target-feature +crc -target-feature +lse -target-feature +rdm -target-feature +crypto -target-feature +dotprod -target-feature +fp-armv8 -target-feature +neon -target-feature +fp16fml -target-feature +ras -target-feature +rcpc -target-feature +zcm -target-feature +zcz -target-feature +fullfp16 -target-feature +sm4 -target-feature +sha3 -target-feature +sha2 -target-feature +aes -target-abi darwinpcs -mllvm -treat-scalable-fixed-error-as-warning -debugger-tuning=lldb -target-linker-version 1015.6 -v -fcoverage-compilation-dir=/Users/pasarevladutflavius/Documents/GitHub/Dog-Shelter/src/cmake-build-debug/CMakeFiles/CMakeScratch/TryCompile-Gp3LNu -resource-dir /Library/Developer/CommandLineTools/usr/lib/clang/15.0.0 -dependency-file CMakeFiles/cmTC_510d5.dir/CMakeCCompilerABI.c.o.d -skip-unused-modulemap-deps -MT CMakeFiles/cmTC_510d5.dir/CMakeCCompilerABI.c.o -sys-header-deps -isysroot /Library/Developer/CommandLineTools/SDKs/MacOSX14.0.sdk -internal-isystem /Library/Developer/CommandLineTools/SDKs/MacOSX14.0.sdk/usr/local/include -internal-isystem /Library/Developer/CommandLineTools/usr/lib/clang/15.0.0/include -internal-externc-isystem /Library/Developer/CommandLineTools/SDKs/MacOSX14.0.sdk/usr/include -internal-externc-isystem /Library/Developer/CommandLineTools/usr/include -Wno-reorder-init-list -Wno-implicit-int-float-conversion -Wno-c99-designator -Wno-final-dtor-non-final-class -Wno-extra-semi-stmt -Wno-misleading-indentation -Wno-quoted-include-in-framework-header -Wno-implicit-fallthrough -Wno-enum-enum-conversion -Wno-enum-float-conversion -Wno-elaborated-enum-base -Wno-reserved-identifier -Wno-gnu-folding-constant -fdebug-compilation-dir=/Users/pasarevladutflavius/Documents/GitHub/Dog-Shelter/src/cmake-build-debug/CMakeFiles/CMakeScratch/TryCompile-Gp3LNu -ferror-limit 19 -stack-protector 1 -fstack-check -mdarwin-stkchk-strong-link -fblocks -fencode-extended-block-signature -fregister-global-dtors-with-atexit -fgnuc-version=4.2.1 -fmax-type-align=16 -fcommon -fcolor-diagnostics -clang-vendor-feature=+disableNonDependentMemberExprInCurrentInstantiation -fno-odr-hash-protocols -clang-vendor-feature=+enableAggressiveVLAFolding -clang-vendor-feature=+revert09abecef7bbf -clang-vendor-feature=+thisNoAlignAttr -clang-vendor-feature=+thisNoNullAttr -mllvm -disable-aligned-alloc-awareness=1 -D__GCC_HAVE_DWARF2_CFI_ASM=1 -o CMakeFiles/cmTC_510d5.dir/CMakeCCompilerABI.c.o -x c /Applications/CLion.app/Contents/bin/cmake/mac/share/cmake-3.25/Modules/CMakeCCompilerABI.c
clang -cc1 version 15.0.0 (clang-1500.0.40.1) default target arm64-apple-darwin23.1.0
ignoring nonexistent directory "/Library/Developer/CommandLineTools/SDKs/MacOSX14.0.sdk/usr/local/include"
ignoring nonexistent directory "/Library/Developer/CommandLineTools/SDKs/MacOSX14.0.sdk/Library/Frameworks"
#include "..." search starts here:
#include <...> search starts here:
 /Library/Developer/CommandLineTools/usr/lib/clang/15.0.0/include
 /Library/Developer/CommandLineTools/SDKs/MacOSX14.0.sdk/usr/include
 /Library/Developer/CommandLineTools/usr/include
 /Library/Developer/CommandLineTools/SDKs/MacOSX14.0.sdk/System/Library/Frameworks (framework directory)
End of search list.
Linking C executable cmTC_510d5
/Applications/CLion.app/Contents/bin/cmake/mac/bin/cmake -E cmake_link_script CMakeFiles/cmTC_510d5.dir/link.txt --verbose=1
/Library/Developer/CommandLineTools/usr/bin/cc  -arch arm64 -isysroot /Library/Developer/CommandLineTools/SDKs/MacOSX14.0.sdk -Wl,-search_paths_first -Wl,-headerpad_max_install_names  -v -Wl,-v CMakeFiles/cmTC_510d5.dir/CMakeCCompilerABI.c.o -o cmTC_510d5 
Apple clang version 15.0.0 (clang-1500.0.40.1)
Target: arm64-apple-darwin23.1.0
Thread model: posix
InstalledDir: /Library/Developer/CommandLineTools/usr/bin
 "/Library/Developer/CommandLineTools/usr/bin/ld" -demangle -lto_library /Library/Developer/CommandLineTools/usr/lib/libLTO.dylib -dynamic -arch arm64 -platform_version macos 14.0.0 14.0 -syslibroot /Library/Developer/CommandLineTools/SDKs/MacOSX14.0.sdk -o cmTC_510d5 -search_paths_first -headerpad_max_install_names -v CMakeFiles/cmTC_510d5.dir/CMakeCCompilerABI.c.o -lSystem /Library/Developer/CommandLineTools/usr/lib/clang/15.0.0/lib/darwin/libclang_rt.osx.a
@(#)PROGRAM:ld  PROJECT:dyld-1015.7
BUILD 18:48:48 Aug 22 2023
configured to support archs: armv6 armv7 armv7s arm64 arm64e arm64_32 i386 x86_64 x86_64h armv6m armv7k armv7m armv7em
will use ld-classic for: armv6 armv7 armv7s arm64_32 i386 armv6m armv7k armv7m armv7em
LTO support using: LLVM version 15.0.0 (static support for 29, runtime is 29)
TAPI support using: Apple TAPI version 15.0.0 (tapi-1500.0.12.3)
Library search paths:
Framework search paths:



Parsed C implicit include dir info from above output: rv=loading
  found start of include info
  warn: unable to parse implicit include dirs!


Parsed C implicit link information from above output:
  link line regex: [^( *|.*[/\])(ld|CMAKE_LINK_STARTFILE-NOTFOUND|([^/\]+-)?ld|collect2)[^/\]*( |$)]
  ignore line: [Change Dir: /Users/pasarevladutflavius/Documents/GitHub/Dog-Shelter/src/cmake-build-debug/CMakeFiles/CMakeScratch/TryCompile-Gp3LNu]
  ignore line: []
  ignore line: [Run Build Command(s):/usr/bin/make -f Makefile cmTC_510d5/fast && /Library/Developer/CommandLineTools/usr/bin/make  -f CMakeFiles/cmTC_510d5.dir/build.make CMakeFiles/cmTC_510d5.dir/build]
  ignore line: [Building C object CMakeFiles/cmTC_510d5.dir/CMakeCCompilerABI.c.o]
  ignore line: [/Library/Developer/CommandLineTools/usr/bin/cc   -arch arm64 -isysroot /Library/Developer/CommandLineTools/SDKs/MacOSX14.0.sdk -fcolor-diagnostics   -v -Wl -v -MD -MT CMakeFiles/cmTC_510d5.dir/CMakeCCompilerABI.c.o -MF CMakeFiles/cmTC_510d5.dir/CMakeCCompilerABI.c.o.d -o CMakeFiles/cmTC_510d5.dir/CMakeCCompilerABI.c.o -c /Applications/CLion.app/Contents/bin/cmake/mac/share/cmake-3.25/Modules/CMakeCCompilerABI.c]
  ignore line: [Apple clang version 15.0.0 (clang-1500.0.40.1)]
  ignore line: [Target: arm64-apple-darwin23.1.0]
  ignore line: [Thread model: posix]
  ignore line: [InstalledDir: /Library/Developer/CommandLineTools/usr/bin]
  ignore line: [clang: [0;1;35mwarning: [0m[1m-Wl,-v: 'linker' input unused [-Wunused-command-line-argument][0m; "/Library/Developer/CommandLineTools/usr/bin/clang" -cc1 -triple arm64-apple-macosx14.0.0 -Wundef-prefix=TARGET_OS_ -Wdeprecated-objc-isa-usage -Werror=deprecated-objc-isa-usage -Werror=implicit-function-declaration -emit-obj -mrelax-all --mrelax-relocations -disable-free -clear-ast-before-backend -disable-llvm-verifier -discard-value-names -main-file-name CMakeCCompilerABI.c -mrelocation-model pic -pic-level 2 -mframe-pointer=non-leaf -fno-strict-return -ffp-contract=on -fno-rounding-math -funwind-tables=1 -fobjc-msgsend-selector-stubs -target-sdk-version=14.0 -fvisibility-inlines-hidden-static-local-var -target-cpu apple-m1 -target-feature +v8.5a -target-feature +crc -target-feature +lse -target-feature +rdm -target-feature +crypto -target-feature +dotprod -target-feature +fp-armv8 -target-feature +neon -target-feature +fp16fml -target-feature +ras -target-feature +rcpc -target-feature +zcm -target-feature +zcz -target-feature +fullfp16 -target-feature +sm4 -target-feature +sha3 -target-feature +sha2 -target-feature +aes -target-abi darwinpcs -mllvm -treat-scalable-fixed-error-as-warning -debugger-tuning=lldb -target-linker-version 1015.6 -v -fcoverage-compilation-dir=/Users/pasarevladutflavius/Documents/GitHub/Dog-Shelter/src/cmake-build-debug/CMakeFiles/CMakeScratch/TryCompile-Gp3LNu -resource-dir /Library/Developer/CommandLineTools/usr/lib/clang/15.0.0 -dependency-file CMakeFiles/cmTC_510d5.dir/CMakeCCompilerABI.c.o.d -skip-unused-modulemap-deps -MT CMakeFiles/cmTC_510d5.dir/CMakeCCompilerABI.c.o -sys-header-deps -isysroot /Library/Developer/CommandLineTools/SDKs/MacOSX14.0.sdk -internal-isystem /Library/Developer/CommandLineTools/SDKs/MacOSX14.0.sdk/usr/local/include -internal-isystem /Library/Developer/CommandLineTools/usr/lib/clang/15.0.0/include -internal-externc-isystem /Library/Developer/CommandLineTools/SDKs/MacOSX14.0.sdk/usr/include -internal-externc-isystem /Library/Developer/CommandLineTools/usr/include -Wno-reorder-init-list -Wno-implicit-int-float-conversion -Wno-c99-designator -Wno-final-dtor-non-final-class -Wno-extra-semi-stmt -Wno-misleading-indentation -Wno-quoted-include-in-framework-header -Wno-implicit-fallthrough -Wno-enum-enum-conversion -Wno-enum-float-conversion -Wno-elaborated-enum-base -Wno-reserved-identifier -Wno-gnu-folding-constant -fdebug-compilation-dir=/Users/pasarevladutflavius/Documents/GitHub/Dog-Shelter/src/cmake-build-debug/CMakeFiles/CMakeScratch/TryCompile-Gp3LNu -ferror-limit 19 -stack-protector 1 -fstack-check -mdarwin-stkchk-strong-link -fblocks -fencode-extended-block-signature -fregister-global-dtors-with-atexit -fgnuc-version=4.2.1 -fmax-type-align=16 -fcommon -fcolor-diagnostics -clang-vendor-feature=+disableNonDependentMemberExprInCurrentInstantiation -fno-odr-hash-protocols -clang-vendor-feature=+enableAggressiveVLAFolding -clang-vendor-feature=+revert09abecef7bbf -clang-vendor-feature=+thisNoAlignAttr -clang-vendor-feature=+thisNoNullAttr -mllvm -disable-aligned-alloc-awareness=1 -D__GCC_HAVE_DWARF2_CFI_ASM=1 -o CMakeFiles/cmTC_510d5.dir/CMakeCCompilerABI.c.o -x c /Applications/CLion.app/Contents/bin/cmake/mac/share/cmake-3.25/Modules/CMakeCCompilerABI.c;clang -cc1 version 15.0.0 (clang-1500.0.40.1) default target arm64-apple-darwin23.1.0;ignoring nonexistent directory "/Library/Developer/CommandLineTools/SDKs/MacOSX14.0.sdk/usr/local/include";ignoring nonexistent directory "/Library/Developer/CommandLineTools/SDKs/MacOSX14.0.sdk/Library/Frameworks";#include "..." search starts here:;#include <...> search starts here:; /Library/Developer/CommandLineTools/usr/lib/clang/15.0.0/include; /Library/Developer/CommandLineTools/SDKs/MacOSX14.0.sdk/usr/include; /Library/Developer/CommandLineTools/usr/include; /Library/Developer/CommandLineTools/SDKs/MacOSX14.0.sdk/System/Library/Frameworks (framework directory);End of search list.;Linking C executable cmTC_510d5;/Applications/CLion.app/Contents/bin/cmake/mac/bin/cmake -E cmake_link_script CMakeFiles/cmTC_510d5.dir/link.txt --verbose=1;/Library/Developer/CommandLineTools/usr/bin/cc  -arch arm64 -isysroot /Library/Developer/CommandLineTools/SDKs/MacOSX14.0.sdk -Wl,-search_paths_first -Wl,-headerpad_max_install_names  -v -Wl,-v CMakeFiles/cmTC_510d5.dir/CMakeCCompilerABI.c.o -o cmTC_510d5 ;Apple clang version 15.0.0 (clang-1500.0.40.1);Target: arm64-apple-darwin23.1.0;Thread model: posix;InstalledDir: /Library/Developer/CommandLineTools/usr/bin; "/Library/Developer/CommandLineTools/usr/bin/ld" -demangle -lto_library /Library/Developer/CommandLineTools/usr/lib/libLTO.dylib -dynamic -arch arm64 -platform_version macos 14.0.0 14.0 -syslibroot /Library/Developer/CommandLineTools/SDKs/MacOSX14.0.sdk -o cmTC_510d5 -search_paths_first -headerpad_max_install_names -v CMakeFiles/cmTC_510d5.dir/CMakeCCompilerABI.c.o -lSystem /Library/Developer/CommandLineTools/usr/lib/clang/15.0.0/lib/darwin/libclang_rt.osx.a;@(#)PROGRAM:ld  PROJECT:dyld-1015.7;BUILD 18:48:48 Aug 22 2023;configured to support archs: armv6 armv7 armv7s arm64 arm64e arm64_32 i386 x86_64 x86_64h armv6m armv7k armv7m armv7em;will use ld-classic for: armv6 armv7 armv7s arm64_32 i386 armv6m armv7k armv7m armv7em;LTO support using: LLVM version 15.0.0 (static support for 29, runtime is 29);TAPI support using: Apple TAPI version 15.0.0 (tapi-1500.0.12.3);Library search paths:;Framework search paths:;;]
  implicit libs: []
  implicit objs: []
  implicit dirs: []
  implicit fwks: []


Detecting CXX compiler ABI info compiled with the following output:
Change Dir: /Users/pasarevladutflavius/Documents/GitHub/Dog-Shelter/src/cmake-build-debug/CMakeFiles/CMakeScratch/TryCompile-OwplUf

Run Build Command(s):/usr/bin/make -f Makefile cmTC_68504/fast && /Library/Developer/CommandLineTools/usr/bin/make  -f CMakeFiles/cmTC_68504.dir/build.make CMakeFiles/cmTC_68504.dir/build
Building CXX object CMakeFiles/cmTC_68504.dir/CMakeCXXCompilerABI.cpp.o
/Library/Developer/CommandLineTools/usr/bin/c++   -arch arm64 -isysroot /Library/Developer/CommandLineTools/SDKs/MacOSX14.0.sdk -fcolor-diagnostics   -v -Wl,-v -MD -MT CMakeFiles/cmTC_68504.dir/CMakeCXXCompilerABI.cpp.o -MF CMakeFiles/cmTC_68504.dir/CMakeCXXCompilerABI.cpp.o.d -o CMakeFiles/cmTC_68504.dir/CMakeCXXCompilerABI.cpp.o -c /Applications/CLion.app/Contents/bin/cmake/mac/share/cmake-3.25/Modules/CMakeCXXCompilerABI.cpp
Apple clang version 15.0.0 (clang-1500.0.40.1)
Target: arm64-apple-darwin23.1.0
Thread model: posix
InstalledDir: /Library/Developer/CommandLineTools/usr/bin
clang: [0;1;35mwarning: [0m[1m-Wl,-v: 'linker' input unused [-Wunused-command-line-argument][0m
 "/Library/Developer/CommandLineTools/usr/bin/clang" -cc1 -triple arm64-apple-macosx14.0.0 -Wundef-prefix=TARGET_OS_ -Wdeprecated-objc-isa-usage -Werror=deprecated-objc-isa-usage -Werror=implicit-function-declaration -emit-obj -mrelax-all --mrelax-relocations -disable-free -clear-ast-before-backend -disable-llvm-verifier -discard-value-names -main-file-name CMakeCXXCompilerABI.cpp -mrelocation-model pic -pic-level 2 -mframe-pointer=non-leaf -fno-strict-return -ffp-contract=on -fno-rounding-math -funwind-tables=1 -fobjc-msgsend-selector-stubs -target-sdk-version=14.0 -fvisibility-inlines-hidden-static-local-var -target-cpu apple-m1 -target-feature +v8.5a -target-feature +crc -target-feature +lse -target-feature +rdm -target-feature +crypto -target-feature +dotprod -target-feature +fp-armv8 -target-feature +neon -target-feature +fp16fml -target-feature +ras -target-feature +rcpc -target-feature +zcm -target-feature +zcz -target-feature +fullfp16 -target-feature +sm4 -target-feature +sha3 -target-feature +sha2 -target-feature +aes -target-abi darwinpcs -mllvm -treat-scalable-fixed-error-as-warning -debugger-tuning=lldb -target-linker-version 1015.6 -v -fcoverage-compilation-dir=/Users/pasarevladutflavius/Documents/GitHub/Dog-Shelter/src/cmake-build-debug/CMakeFiles/CMakeScratch/TryCompile-OwplUf -resource-dir /Library/Developer/CommandLineTools/usr/lib/clang/15.0.0 -dependency-file CMakeFiles/cmTC_68504.dir/CMakeCXXCompilerABI.cpp.o.d -skip-unused-modulemap-deps -MT CMakeFiles/cmTC_68504.dir/CMakeCXXCompilerABI.cpp.o -sys-header-deps -isysroot /Library/Developer/CommandLineTools/SDKs/MacOSX14.0.sdk -internal-isystem /Library/Developer/CommandLineTools/SDKs/MacOSX14.0.sdk/usr/include/c++/v1 -internal-isystem /Library/Developer/CommandLineTools/SDKs/MacOSX14.0.sdk/usr/local/include -internal-isystem /Library/Developer/CommandLineTools/usr/lib/clang/15.0.0/include -internal-externc-isystem /Library/Developer/CommandLineTools/SDKs/MacOSX14.0.sdk/usr/include -internal-externc-isystem /Library/Developer/CommandLineTools/usr/include -Wno-reorder-init-list -Wno-implicit-int-float-conversion -Wno-c99-designator -Wno-final-dtor-non-final-class -Wno-extra-semi-stmt -Wno-misleading-indentation -Wno-quoted-include-in-framework-header -Wno-implicit-fallthrough -Wno-enum-enum-conversion -Wno-enum-float-conversion -Wno-elaborated-enum-base -Wno-reserved-identifier -Wno-gnu-folding-constant -fdeprecated-macro -fdebug-compilation-dir=/Users/pasarevladutflavius/Documents/GitHub/Dog-Shelter/src/cmake-build-debug/CMakeFiles/CMakeScratch/TryCompile-OwplUf -ferror-limit 19 -stack-protector 1 -fstack-check -mdarwin-stkchk-strong-link -fblocks -fencode-extended-block-signature -fregister-global-dtors-with-atexit -fgnuc-version=4.2.1 -fno-cxx-modules -fcxx-exceptions -fexceptions -fmax-type-align=16 -fcommon -fcolor-diagnostics -clang-vendor-feature=+disableNonDependentMemberExprInCurrentInstantiation -fno-odr-hash-protocols -clang-vendor-feature=+enableAggressiveVLAFolding -clang-vendor-feature=+revert09abecef7bbf -clang-vendor-feature=+thisNoAlignAttr -clang-vendor-feature=+thisNoNullAttr -mllvm -disable-aligned-alloc-awareness=1 -D__GCC_HAVE_DWARF2_CFI_ASM=1 -o CMakeFiles/cmTC_68504.dir/CMakeCXXCompilerABI.cpp.o -x c++ /Applications/CLion.app/Contents/bin/cmake/mac/share/cmake-3.25/Modules/CMakeCXXCompilerABI.cpp
clang -cc1 version 15.0.0 (clang-1500.0.40.1) default target arm64-apple-darwin23.1.0
ignoring nonexistent directory "/Library/Developer/CommandLineTools/SDKs/MacOSX14.0.sdk/usr/local/include"
ignoring nonexistent directory "/Library/Developer/CommandLineTools/SDKs/MacOSX14.0.sdk/Library/Frameworks"
#include "..." search starts here:
#include <...> search starts here:
 /Library/Developer/CommandLineTools/SDKs/MacOSX14.0.sdk/usr/include/c++/v1
 /Library/Developer/CommandLineTools/usr/lib/clang/15.0.0/include
 /Library/Developer/CommandLineTools/SDKs/MacOSX14.0.sdk/usr/include
 /Library/Developer/CommandLineTools/usr/include
 /Library/Developer/CommandLineTools/SDKs/MacOSX14.0.sdk/System/Library/Frameworks (framework directory)
End of search list.
Linking CXX executable cmTC_68504
/Applications/CLion.app/Contents/bin/cmake/mac/bin/cmake -E cmake_link_script CMakeFiles/cmTC_68504.dir/link.txt --verbose=1
/Library/Developer/CommandLineTools/usr/bin/c++  -arch arm64 -isysroot /Library/Developer/CommandLineTools/SDKs/MacOSX14.0.sdk -Wl,-search_paths_first -Wl,-headerpad_max_install_names  -v -Wl,-v CMakeFiles/cmTC_68504.dir/CMakeCXXCompilerABI.cpp.o -o cmTC_68504 
Apple clang version 15.0.0 (clang-1500.0.40.1)
Target: arm64-apple-darwin23.1.0
Thread model: posix
InstalledDir: /Library/Developer/CommandLineTools/usr/bin
 "/Library/Developer/CommandLineTools/usr/bin/ld" -demangle -lto_library /Library/Developer/CommandLineTools/usr/lib/libLTO.dylib -dynamic -arch arm64 -platform_version macos 14.0.0 14.0 -syslibroot /Library/Developer/CommandLineTools/SDKs/MacOSX14.0.sdk -o cmTC_68504 -search_paths_first -headerpad_max_install_names -v CMakeFiles/cmTC_68504.dir/CMakeCXXCompilerABI.cpp.o -lc++ -lSystem /Library/Developer/CommandLineTools/usr/lib/clang/15.0.0/lib/darwin/libclang_rt.osx.a
@(#)PROGRAM:ld  PROJECT:dyld-1015.7
BUILD 18:48:48 Aug 22 2023
configured to support archs: armv6 armv7 armv7s arm64 arm64e arm64_32 i386 x86_64 x86_64h armv6m armv7k armv7m armv7em
will use ld-classic for: armv6 armv7 armv7s arm64_32 i386 armv6m armv7k armv7m armv7em
LTO support using: LLVM version 15.0.0 (static support for 29, runtime is 29)
TAPI support using: Apple TAPI version 15.0.0 (tapi-1500.0.12.3)
Library search paths:
Framework search paths:



Parsed CXX implicit include dir info from above output: rv=loading
  found start of include info
  warn: unable to parse implicit include dirs!


Parsed CXX implicit link information from above output:
  link line regex: [^( *|.*[/\])(ld|CMAKE_LINK_STARTFILE-NOTFOUND|([^/\]+-)?ld|collect2)[^/\]*( |$)]
  ignore line: [Change Dir: /Users/pasarevladutflavius/Documents/GitHub/Dog-Shelter/src/cmake-build-debug/CMakeFiles/CMakeScratch/TryCompile-OwplUf]
  ignore line: []
  ignore line: [Run Build Command(s):/usr/bin/make -f Makefile cmTC_68504/fast && /Library/Developer/CommandLineTools/usr/bin/make  -f CMakeFiles/cmTC_68504.dir/build.make CMakeFiles/cmTC_68504.dir/build]
  ignore line: [Building CXX object CMakeFiles/cmTC_68504.dir/CMakeCXXCompilerABI.cpp.o]
  ignore line: [/Library/Developer/CommandLineTools/usr/bin/c++   -arch arm64 -isysroot /Library/Developer/CommandLineTools/SDKs/MacOSX14.0.sdk -fcolor-diagnostics   -v -Wl -v -MD -MT CMakeFiles/cmTC_68504.dir/CMakeCXXCompilerABI.cpp.o -MF CMakeFiles/cmTC_68504.dir/CMakeCXXCompilerABI.cpp.o.d -o CMakeFiles/cmTC_68504.dir/CMakeCXXCompilerABI.cpp.o -c /Applications/CLion.app/Contents/bin/cmake/mac/share/cmake-3.25/Modules/CMakeCXXCompilerABI.cpp]
  ignore line: [Apple clang version 15.0.0 (clang-1500.0.40.1)]
  ignore line: [Target: arm64-apple-darwin23.1.0]
  ignore line: [Thread model: posix]
  ignore line: [InstalledDir: /Library/Developer/CommandLineTools/usr/bin]
  ignore line: [clang: [0;1;35mwarning: [0m[1m-Wl,-v: 'linker' input unused [-Wunused-command-line-argument][0m; "/Library/Developer/CommandLineTools/usr/bin/clang" -cc1 -triple arm64-apple-macosx14.0.0 -Wundef-prefix=TARGET_OS_ -Wdeprecated-objc-isa-usage -Werror=deprecated-objc-isa-usage -Werror=implicit-function-declaration -emit-obj -mrelax-all --mrelax-relocations -disable-free -clear-ast-before-backend -disable-llvm-verifier -discard-value-names -main-file-name CMakeCXXCompilerABI.cpp -mrelocation-model pic -pic-level 2 -mframe-pointer=non-leaf -fno-strict-return -ffp-contract=on -fno-rounding-math -funwind-tables=1 -fobjc-msgsend-selector-stubs -target-sdk-version=14.0 -fvisibility-inlines-hidden-static-local-var -target-cpu apple-m1 -target-feature +v8.5a -target-feature +crc -target-feature +lse -target-feature +rdm -target-feature +crypto -target-feature +dotprod -target-feature +fp-armv8 -target-feature +neon -target-feature +fp16fml -target-feature +ras -target-feature +rcpc -target-feature +zcm -target-feature +zcz -target-feature +fullfp16 -target-feature +sm4 -target-feature +sha3 -target-feature +sha2 -target-feature +aes -target-abi darwinpcs -mllvm -treat-scalable-fixed-error-as-warning -debugger-tuning=lldb -target-linker-version 1015.6 -v -fcoverage-compilation-dir=/Users/pasarevladutflavius/Documents/GitHub/Dog-Shelter/src/cmake-build-debug/CMakeFiles/CMakeScratch/TryCompile-OwplUf -resource-dir /Library/Developer/CommandLineTools/usr/lib/clang/15.0.0 -dependency-file CMakeFiles/cmTC_68504.dir/CMakeCXXCompilerABI.cpp.o.d -skip-unused-modulemap-deps -MT CMakeFiles/cmTC_68504.dir/CMakeCXXCompilerABI.cpp.o -sys-header-deps -isysroot /Library/Developer/CommandLineTools/SDKs/MacOSX14.0.sdk -internal-isystem /Library/Developer/CommandLineTools/SDKs/MacOSX14.0.sdk/usr/include/c++/v1 -internal-isystem /Library/Developer/CommandLineTools/SDKs/MacOSX14.0.sdk/usr/local/include -internal-isystem /Library/Developer/CommandLineTools/usr/lib/clang/15.0.0/include -internal-externc-isystem /Library/Developer/CommandLineTools/SDKs/MacOSX14.0.sdk/usr/include -internal-externc-isystem /Library/Developer/CommandLineTools/usr/include -Wno-reorder-init-list -Wno-implicit-int-float-conversion -Wno-c99-designator -Wno-final-dtor-non-final-class -Wno-extra-semi-stmt -Wno-misleading-indentation -Wno-quoted-include-in-framework-header -Wno-implicit-fallthrough -Wno-enum-enum-conversion -Wno-enum-float-conversion -Wno-elaborated-enum-base -Wno-reserved-identifier -Wno-gnu-folding-constant -fdeprecated-macro -fdebug-compilation-dir=/Users/pasarevladutflavius/Documents/GitHub/Dog-Shelter/src/cmake-build-debug/CMakeFiles/CMakeScratch/TryCompile-OwplUf -ferror-limit 19 -stack-protector 1 -fstack-check -mdarwin-stkchk-strong-link -fblocks -fencode-extended-block-signature -fregister-global-dtors-with-atexit -fgnuc-version=4.2.1 -fno-cxx-modules -fcxx-exceptions -fexceptions -fmax-type-align=16 -fcommon -fcolor-diagnostics -clang-vendor-feature=+disableNonDependentMemberExprInCurrentInstantiation -fno-odr-hash-protocols -clang-vendor-feature=+enableAggressiveVLAFolding -clang-vendor-feature=+revert09abecef7bbf -clang-vendor-feature=+thisNoAlignAttr -clang-vendor-feature=+thisNoNullAttr -mllvm -disable-aligned-alloc-awareness=1 -D__GCC_HAVE_DWARF2_CFI_ASM=1 -o CMakeFiles/cmTC_68504.dir/CMakeCXXCompilerABI.cpp.o -x c++ /Applications/CLion.app/Contents/bin/cmake/mac/share/cmake-3.25/Modules/CMakeCXXCompilerABI.cpp;clang -cc1 version 15.0.0 (clang-1500.0.40.1) default target arm64-apple-darwin23.1.0;ignoring nonexistent directory "/Library/Developer/CommandLineTools/SDKs/MacOSX14.0.sdk/usr/local/include";ignoring nonexistent directory "/Library/Developer/CommandLineTools/SDKs/MacOSX14.0.sdk/Library/Frameworks";#include "..." search starts here:;#include <...> search starts here:; /Library/Developer/CommandLineTools/SDKs/MacOSX14.0.sdk/usr/include/c++/v1; /Library/Developer/CommandLineTools/usr/lib/clang/15.0.0/include; /Library/Developer/CommandLineTools/SDKs/MacOSX14.0.sdk/usr/include; /Library/Developer/CommandLineTools/usr/include; /Library/Developer/CommandLineTools/SDKs/MacOSX14.0.sdk/System/Library/Frameworks (framework directory);End of search list.;Linking CXX executable cmTC_68504;/Applications/CLion.app/Contents/bin/cmake/mac/bin/cmake -E cmake_link_script CMakeFiles/cmTC_68504.dir/link.txt --verbose=1;/Library/Developer/CommandLineTools/usr/bin/c++  -arch arm64 -isysroot /Library/Developer/CommandLineTools/SDKs/MacOSX14.0.sdk -Wl,-search_paths_first -Wl,-headerpad_max_install_names  -v -Wl,-v CMakeFiles/cmTC_68504.dir/CMakeCXXCompilerABI.cpp.o -o cmTC_68504 ;Apple clang version 15.0.0 (clang-1500.0.40.1);Target: arm64-apple-darwin23.1.0;Thread model: posix;InstalledDir: /Library/Developer/CommandLineTools/usr/bin; "/Library/Developer/CommandLineTools/usr/bin/ld" -demangle -lto_library /Library/Developer/CommandLineTools/usr/lib/libLTO.dylib -dynamic -arch arm64 -platform_version macos 14.0.0 14.0 -syslibroot /Library/Developer/CommandLineTools/SDKs/MacOSX14.0.sdk -o cmTC_68504 -search_paths_first -headerpad_max_install_names -v CMakeFiles/cmTC_68504.dir/CMakeCXXCompilerABI.cpp.o -lc++ -lSystem /Library/Developer/CommandLineTools/usr/lib/clang/15.0.0/lib/darwin/libclang_rt.osx.a;@(#)PROGRAM:ld  PROJECT:dyld-1015.7;BUILD 18:48:48 Aug 22 2023;configured to support archs: armv6 armv7 armv7s arm64 arm64e arm64_32 i386 x86_64 x86_64h armv6m armv7k armv7m armv7em;will use ld-classic for: armv6 armv7 armv7s arm64_32 i386 armv6m armv7k armv7m armv7em;LTO support using: LLVM version 15.0.0 (static support for 29, runtime is 29);TAPI support using: Apple TAPI version 15.0.0 (tapi-1500.0.12.3);Library search paths:;Framework search paths:;;]
  implicit libs: []
  implicit objs: []
  implicit dirs: []
  implicit fwks: []


Performing C SOURCE FILE Test CMAKE_HAVE_LIBC_PTHREAD succeeded with the following output:
Change Dir: /Users/pasarevladutflavius/Documents/GitHub/Dog-Shelter/src/cmake-build-debug/CMakeFiles/CMakeScratch/TryCompile-6YxMha

Run Build Command(s):/usr/bin/make -f Makefile cmTC_bce5e/fast && /Library/Developer/CommandLineTools/usr/bin/make  -f CMakeFiles/cmTC_bce5e.dir/build.make CMakeFiles/cmTC_bce5e.dir/build
Building C object CMakeFiles/cmTC_bce5e.dir/src.c.o
/Library/Developer/CommandLineTools/usr/bin/cc -DCMAKE_HAVE_LIBC_PTHREAD  -arch arm64 -isysroot /Library/Developer/CommandLineTools/SDKs/MacOSX14.0.sdk -fcolor-diagnostics -MD -MT CMakeFiles/cmTC_bce5e.dir/src.c.o -MF CMakeFiles/cmTC_bce5e.dir/src.c.o.d -o CMakeFiles/cmTC_bce5e.dir/src.c.o -c /Users/pasarevladutflavius/Documents/GitHub/Dog-Shelter/src/cmake-build-debug/CMakeFiles/CMakeScratch/TryCompile-6YxMha/src.c
Linking C executable cmTC_bce5e
/Applications/CLion.app/Contents/bin/cmake/mac/bin/cmake -E cmake_link_script CMakeFiles/cmTC_bce5e.dir/link.txt --verbose=1
/Library/Developer/CommandLineTools/usr/bin/cc  -arch arm64 -isysroot /Library/Developer/CommandLineTools/SDKs/MacOSX14.0.sdk -Wl,-search_paths_first -Wl,-headerpad_max_install_names CMakeFiles/cmTC_bce5e.dir/src.c.o -o cmTC_bce5e 


Source file was:
#include <pthread.h>

static void* test_func(void* data)
{
  return data;
}

int main(void)
{
  pthread_t thread;
  pthread_create(&thread, NULL, test_func, NULL);
  pthread_detach(thread);
  pthread_cancel(thread);
  pthread_join(thread, NULL);
  pthread_atfork(NULL, NULL, NULL);
  pthread_exit(NULL);

  return 0;
}


Performing C++ SOURCE FILE Test HAVE_STDATOMIC succeeded with the following output:
Change Dir: /Users/pasarevladutflavius/Documents/GitHub/Dog-Shelter/src/cmake-build-debug/CMakeFiles/CMakeScratch/TryCompile-mDRDrv

Run Build Command(s):/usr/bin/make -f Makefile cmTC_88e31/fast && /Library/Developer/CommandLineTools/usr/bin/make  -f CMakeFiles/cmTC_88e31.dir/build.make CMakeFiles/cmTC_88e31.dir/build
Building CXX object CMakeFiles/cmTC_88e31.dir/src.cxx.o
/Library/Developer/CommandLineTools/usr/bin/c++ -DHAVE_STDATOMIC  -arch arm64 -isysroot /Library/Developer/CommandLineTools/SDKs/MacOSX14.0.sdk -fcolor-diagnostics -std=gnu++14 -MD -MT CMakeFiles/cmTC_88e31.dir/src.cxx.o -MF CMakeFiles/cmTC_88e31.dir/src.cxx.o.d -o CMakeFiles/cmTC_88e31.dir/src.cxx.o -c /Users/pasarevladutflavius/Documents/GitHub/Dog-Shelter/src/cmake-build-debug/CMakeFiles/CMakeScratch/TryCompile-mDRDrv/src.cxx
Linking CXX executable cmTC_88e31
/Applications/CLion.app/Contents/bin/cmake/mac/bin/cmake -E cmake_link_script CMakeFiles/cmTC_88e31.dir/link.txt --verbose=1
/Library/Developer/CommandLineTools/usr/bin/c++  -arch arm64 -isysroot /Library/Developer/CommandLineTools/SDKs/MacOSX14.0.sdk -Wl,-search_paths_first -Wl,-headerpad_max_install_names CMakeFiles/cmTC_88e31.dir/src.cxx.o -o cmTC_88e31 


Source file was:
#include <atomic>
#include <cstdint>

int main(int, char **)
{
    volatile std::atomic<char>    size_1;
    volatile std::atomic<short>   size_2;
    volatile std::atomic<int>     size_4;
    volatile std::atomic<int64_t> size_8;

    ++size_1;
    ++size_2;
    ++size_4;
    ++size_8;

    (void)size_1.load(std::memory_order_relaxed);
    (void)size_2.load(std::memory_order_relaxed);
    (void)size_4.load(std::memory_order_relaxed);
    (void)size_8.load(std::memory_order_relaxed);

    return 0;
}

